<?xml version="1.0" encoding="UTF-8"?>
<!-- Generated by org.testng.reporters.JUnitReportReporter -->
<testsuite skipped="1" hostname="DESKTOP-QBHDTU3" name="com.akshay.training.ParallelTest" tests="2" failures="0" timestamp="2022-03-08T23:37:14 IST" time="12.787" errors="0">
  <testcase name="LaunchFacebook" time="12.787" classname="com.akshay.training.ParallelTest"/>
  <system-out/>
  <testcase name="SignIn" classname="com.akshay.training.ParallelTest">
    <skipped/>
  </testcase> <!-- SignIn -->
  <system-out/>
</testsuite> <!-- com.akshay.training.ParallelTest -->
