<?xml version="1.0" encoding="UTF-8"?>
<!-- Generated by org.testng.reporters.JUnitReportReporter -->
<testsuite hostname="DESKTOP-QBHDTU3" failures="0" tests="1" name="com.akshay.training.ParallelTest" time="7.278" errors="0" timestamp="2022-03-07T20:21:10 IST" skipped="0">
  <testcase classname="com.akshay.training.ParallelTest" name="LaunchFacebook" time="7.278"/>
  <system-out/>
</testsuite> <!-- com.akshay.training.ParallelTest -->
