<?xml version="1.0" encoding="UTF-8"?>
<!-- Generated by org.testng.reporters.JUnitReportReporter -->
<testsuite hostname="DESKTOP-QBHDTU3" failures="0" tests="1" name="com.akshay.training.NewTest1" time="0.009" errors="0" timestamp="2022-03-06T23:22:20 IST" skipped="0">
  <testcase classname="com.akshay.training.NewTest1" name="hello" time="0.009"/>
  <system-out/>
</testsuite> <!-- com.akshay.training.NewTest1 -->
