<?xml version="1.0" encoding="UTF-8"?>
<!-- Generated by org.testng.reporters.JUnitReportReporter -->
<testsuite hostname="DESKTOP-QBHDTU3" failures="0" tests="1" name="com.akshay.training.NewTest" time="0.020" errors="0" timestamp="2022-03-06T22:35:12 IST" skipped="0">
  <testcase classname="com.akshay.training.NewTest" name="f" time="0.020"/>
  <system-out/>
</testsuite> <!-- com.akshay.training.NewTest -->
